{"level":"info","message":"Hello from Acquisitions!","service":"acquisitions-api"}
{"level":"info","message":"::1 - - [02/Feb/2026:17:16:29 +0000] \"GET / HTTP/1.1\" 304 - \"-\" \"Mozilla/5.0 (Macintosh; Intel Mac OS X 10_15_7) AppleWebKit/537.36 (KHTML, like Gecko) Chrome/144.0.0.0 Safari/537.36\"","service":"acquisitions-api"}
{"level":"info","message":"Hello from Acquisitions!","service":"acquisitions-api"}
{"level":"info","message":"::1 - - [02/Feb/2026:17:16:29 +0000] \"GET / HTTP/1.1\" 304 - \"-\" \"Mozilla/5.0 (Macintosh; Intel Mac OS X 10_15_7) AppleWebKit/537.36 (KHTML, like Gecko) Chrome/144.0.0.0 Safari/537.36\"","service":"acquisitions-api"}
{"level":"info","message":"Hello from Acquisitions!","service":"acquisitions-api"}
{"level":"info","message":"::1 - - [02/Feb/2026:20:36:37 +0000] \"GET / HTTP/1.1\" 304 - \"-\" \"Mozilla/5.0 (Macintosh; Intel Mac OS X 10_15_7) AppleWebKit/537.36 (KHTML, like Gecko) Chrome/144.0.0.0 Safari/537.36\"","service":"acquisitions-api"}
{"level":"info","message":"Hello from Acquisitions!","service":"acquisitions-api"}
{"level":"info","message":"::1 - - [02/Feb/2026:20:36:38 +0000] \"GET / HTTP/1.1\" 304 - \"-\" \"Mozilla/5.0 (Macintosh; Intel Mac OS X 10_15_7) AppleWebKit/537.36 (KHTML, like Gecko) Chrome/144.0.0.0 Safari/537.36\"","service":"acquisitions-api"}
{"level":"info","message":"::1 - - [02/Feb/2026:20:36:46 +0000] \"GET /health HTTP/1.1\" 200 73 \"-\" \"Mozilla/5.0 (Macintosh; Intel Mac OS X 10_15_7) AppleWebKit/537.36 (KHTML, like Gecko) Chrome/144.0.0.0 Safari/537.36\"","service":"acquisitions-api"}
{"level":"info","message":"::1 - - [02/Feb/2026:20:36:46 +0000] \"GET /health HTTP/1.1\" 200 76 \"-\" \"Mozilla/5.0 (Macintosh; Intel Mac OS X 10_15_7) AppleWebKit/537.36 (KHTML, like Gecko) Chrome/144.0.0.0 Safari/537.36\"","service":"acquisitions-api"}
{"level":"info","message":"Hello from Acquisitions!","service":"acquisitions-api"}
{"level":"info","message":"::1 - - [02/Feb/2026:21:32:22 +0000] \"GET / HTTP/1.1\" 200 24 \"-\" \"PostmanRuntime/7.45.0\"","service":"acquisitions-api"}
{"level":"info","message":"::1 - - [03/Feb/2026:01:12:36 +0000] \"POST /api/auth/sigh-in HTTP/1.1\" 404 156 \"-\" \"PostmanRuntime/7.45.0\"","service":"acquisitions-api"}
{"level":"info","message":"::1 - - [03/Feb/2026:01:17:26 +0000] \"POST /api/auth/sigh-in HTTP/1.1\" 404 156 \"-\" \"PostmanRuntime/7.45.0\"","service":"acquisitions-api"}
{"level":"info","message":"::1 - - [03/Feb/2026:01:18:57 +0000] \"POST /api/auth/sign-in HTTP/1.1\" 404 156 \"-\" \"PostmanRuntime/7.45.0\"","service":"acquisitions-api"}
{"level":"info","message":"::1 - - [03/Feb/2026:01:18:59 +0000] \"POST /api/auth/sign-in HTTP/1.1\" 404 156 \"-\" \"PostmanRuntime/7.45.0\"","service":"acquisitions-api"}
{"level":"info","message":"::1 - - [03/Feb/2026:01:19:08 +0000] \"POST /api/auth/sign-in HTTP/1.1\" 404 156 \"-\" \"PostmanRuntime/7.45.0\"","service":"acquisitions-api"}
{"level":"info","message":"::1 - - [03/Feb/2026:01:19:34 +0000] \"POST /api/auth/sign-in HTTP/1.1\" 404 156 \"-\" \"PostmanRuntime/7.45.0\"","service":"acquisitions-api"}
{"level":"info","message":"::1 - - [03/Feb/2026:01:21:49 +0000] \"POST /api/auth/sign-in HTTP/1.1\" 404 156 \"-\" \"PostmanRuntime/7.45.0\"","service":"acquisitions-api"}
{"level":"info","message":"::1 - - [03/Feb/2026:01:23:12 +0000] \"POST /api/auth/sign-in HTTP/1.1\" 200 32 \"-\" \"PostmanRuntime/7.45.0\"","service":"acquisitions-api"}
{"level":"info","message":"::1 - - [03/Feb/2026:20:17:58 +0000] \"POST /api/auth/sign-up HTTP/1.1\" 404 156 \"-\" \"PostmanRuntime/7.45.0\"","service":"acquisitions-api"}
{"level":"info","message":"::1 - - [03/Feb/2026:20:18:39 +0000] \"POST /api/auth/sign-up HTTP/1.1\" 200 32 \"-\" \"PostmanRuntime/7.45.0\"","service":"acquisitions-api"}
{"level":"info","message":"::1 - - [05/Feb/2026:00:07:19 +0000] \"POST /api/auth/sign-up HTTP/1.1\" 500 1363 \"-\" \"PostmanRuntime/7.51.1\"","service":"acquisitions-api"}
{"level":"error","message":"Signup error: signupSchema is not defined","service":"acquisitions-api","stack":"ReferenceError: signupSchema is not defined\n    at signup (file:///Users/samuelpius/Programming/devops/aquisitions/src/controllers/auth.controller.js:6:34)\n    at Layer.handleRequest (/Users/samuelpius/Programming/devops/aquisitions/node_modules/router/lib/layer.js:152:17)\n    at next (/Users/samuelpius/Programming/devops/aquisitions/node_modules/router/lib/route.js:157:13)\n    at Route.dispatch (/Users/samuelpius/Programming/devops/aquisitions/node_modules/router/lib/route.js:117:3)\n    at handle (/Users/samuelpius/Programming/devops/aquisitions/node_modules/router/index.js:435:11)\n    at Layer.handleRequest (/Users/samuelpius/Programming/devops/aquisitions/node_modules/router/lib/layer.js:152:17)\n    at /Users/samuelpius/Programming/devops/aquisitions/node_modules/router/index.js:295:15\n    at processParams (/Users/samuelpius/Programming/devops/aquisitions/node_modules/router/index.js:582:12)\n    at next (/Users/samuelpius/Programming/devops/aquisitions/node_modules/router/index.js:291:5)\n    at router.handle (/Users/samuelpius/Programming/devops/aquisitions/node_modules/router/index.js:186:3)"}
{"level":"info","message":"::1 - - [05/Feb/2026:00:09:23 +0000] \"POST /api/auth/sign-up HTTP/1.1\" 500 1369 \"-\" \"PostmanRuntime/7.51.1\"","service":"acquisitions-api"}
{"level":"error","message":"Signup error: signupSchema is not defined","service":"acquisitions-api","stack":"ReferenceError: signupSchema is not defined\n    at signup (file:///Users/samuelpius/Programming/devops/aquisitions/src/controllers/auth.controller.js:7:34)\n    at Layer.handleRequest (/Users/samuelpius/Programming/devops/aquisitions/node_modules/router/lib/layer.js:152:17)\n    at next (/Users/samuelpius/Programming/devops/aquisitions/node_modules/router/lib/route.js:157:13)\n    at Route.dispatch (/Users/samuelpius/Programming/devops/aquisitions/node_modules/router/lib/route.js:117:3)\n    at handle (/Users/samuelpius/Programming/devops/aquisitions/node_modules/router/index.js:435:11)\n    at Layer.handleRequest (/Users/samuelpius/Programming/devops/aquisitions/node_modules/router/lib/layer.js:152:17)\n    at /Users/samuelpius/Programming/devops/aquisitions/node_modules/router/index.js:295:15\n    at processParams (/Users/samuelpius/Programming/devops/aquisitions/node_modules/router/index.js:582:12)\n    at next (/Users/samuelpius/Programming/devops/aquisitions/node_modules/router/index.js:291:5)\n    at router.handle (/Users/samuelpius/Programming/devops/aquisitions/node_modules/router/index.js:186:3)"}
{"level":"info","message":"::1 - - [05/Feb/2026:00:12:24 +0000] \"POST /api/auth/sign-up HTTP/1.1\" 500 1369 \"-\" \"PostmanRuntime/7.51.1\"","service":"acquisitions-api"}
{"level":"info","message":"::1 - - [05/Feb/2026:00:21:00 +0000] \"POST /api/auth/sign-up HTTP/1.1\" 400 97 \"-\" \"PostmanRuntime/7.51.1\"","service":"acquisitions-api"}
{"level":"info","message":"::1 - - [06/Feb/2026:12:38:34 +0000] \"POST /api/auth/sign-up HTTP/1.1\" 400 97 \"-\" \"PostmanRuntime/7.51.1\"","service":"acquisitions-api"}
{"level":"info","message":"::1 - - [06/Feb/2026:12:40:20 +0000] \"POST /api/auth/sign-up?email=contact@jsmastery.com&name=stylesp&password=123123 HTTP/1.1\" 400 97 \"-\" \"PostmanRuntime/7.51.1\"","service":"acquisitions-api"}
{"level":"info","message":"::1 - - [06/Feb/2026:12:40:32 +0000] \"POST /api/auth/sign-up?email=contact@jsmastery.com&name=stylesp&password=123123 HTTP/1.1\" 400 97 \"-\" \"PostmanRuntime/7.51.1\"","service":"acquisitions-api"}
{"level":"info","message":"::1 - - [06/Feb/2026:12:42:45 +0000] \"POST /api/auth/sign-up?email=contact@jsmastery.com&name=stylesp&password=123123 HTTP/1.1\" 400 97 \"-\" \"PostmanRuntime/7.51.1\"","service":"acquisitions-api"}
{"level":"info","message":"::1 - - [06/Feb/2026:12:44:20 +0000] \"POST /api/auth/sign-up?name=stylesp&email=contact@jsmastery.com&password=123123 HTTP/1.1\" 400 97 \"-\" \"PostmanRuntime/7.51.1\"","service":"acquisitions-api"}
{"level":"info","message":"::1 - - [06/Feb/2026:12:44:21 +0000] \"POST /api/auth/sign-up?name=stylesp&email=contact@jsmastery.com&password=123123 HTTP/1.1\" 400 97 \"-\" \"PostmanRuntime/7.51.1\"","service":"acquisitions-api"}
{"level":"info","message":"::1 - - [06/Feb/2026:12:44:46 +0000] \"POST /api/auth/sign-up?name=stylesp&email=contact@jsmastery.com&password=123123 HTTP/1.1\" 400 97 \"-\" \"PostmanRuntime/7.51.1\"","service":"acquisitions-api"}
{"level":"info","message":"::1 - - [06/Feb/2026:12:44:49 +0000] \"POST /api/auth/sign-up?name=stylesp&email=contact@jsmastery.com&password=123123 HTTP/1.1\" 400 97 \"-\" \"PostmanRuntime/7.51.1\"","service":"acquisitions-api"}
{"level":"info","message":"::1 - - [06/Feb/2026:12:44:57 +0000] \"POST /api/auth/sign-up?name=stylesp&email=contact@jsmastery.com&password=123123 HTTP/1.1\" 400 97 \"-\" \"PostmanRuntime/7.51.1\"","service":"acquisitions-api"}
{"level":"info","message":"::1 - - [06/Feb/2026:12:45:06 +0000] \"POST /api/auth/sign-up HTTP/1.1\" 400 97 \"-\" \"PostmanRuntime/7.51.1\"","service":"acquisitions-api"}
{"level":"info","message":"::1 - - [06/Feb/2026:12:45:10 +0000] \"POST /api/auth/sign-up HTTP/1.1\" 400 97 \"-\" \"PostmanRuntime/7.51.1\"","service":"acquisitions-api"}
{"level":"info","message":"::1 - - [06/Feb/2026:12:45:25 +0000] \"POST /api/auth/sign-up HTTP/1.1\" 400 97 \"-\" \"PostmanRuntime/7.51.1\"","service":"acquisitions-api"}
{"level":"info","message":"::1 - - [06/Feb/2026:12:46:00 +0000] \"POST /api/auth/sign-up HTTP/1.1\" 400 97 \"-\" \"PostmanRuntime/7.51.1\"","service":"acquisitions-api"}
{"level":"info","message":"::1 - - [06/Feb/2026:12:47:33 +0000] \"POST /api/auth/sign-up HTTP/1.1\" 400 97 \"-\" \"PostmanRuntime/7.51.1\"","service":"acquisitions-api"}
{"level":"info","message":"::1 - - [06/Feb/2026:12:49:53 +0000] \"POST /api/auth/sign-up HTTP/1.1\" 400 97 \"-\" \"PostmanRuntime/7.51.1\"","service":"acquisitions-api"}
{"level":"info","message":"::1 - - [06/Feb/2026:12:49:54 +0000] \"POST /api/auth/sign-up HTTP/1.1\" 400 97 \"-\" \"PostmanRuntime/7.51.1\"","service":"acquisitions-api"}
{"level":"info","message":"::1 - - [06/Feb/2026:12:51:20 +0000] \"POST /api/auth/sign-up HTTP/1.1\" 400 97 \"-\" \"PostmanRuntime/7.51.1\"","service":"acquisitions-api"}
{"level":"info","message":"::1 - - [06/Feb/2026:12:51:24 +0000] \"POST /api/auth/sign-up HTTP/1.1\" 400 97 \"-\" \"PostmanRuntime/7.51.1\"","service":"acquisitions-api"}
{"level":"info","message":"::1 - - [06/Feb/2026:12:51:29 +0000] \"POST /api/auth/sign-up HTTP/1.1\" 400 97 \"-\" \"PostmanRuntime/7.51.1\"","service":"acquisitions-api"}
{"level":"info","message":"::1 - - [06/Feb/2026:13:00:02 +0000] \"POST /api/auth/sign-up HTTP/1.1\" 400 97 \"-\" \"PostmanRuntime/7.51.1\"","service":"acquisitions-api"}
{"level":"info","message":"::1 - - [06/Feb/2026:13:01:06 +0000] \"POST /api/auth/sign-up HTTP/1.1\" 400 97 \"-\" \"PostmanRuntime/7.51.1\"","service":"acquisitions-api"}
{"level":"info","message":"::1 - - [06/Feb/2026:13:01:07 +0000] \"POST /api/auth/sign-up HTTP/1.1\" 400 97 \"-\" \"PostmanRuntime/7.51.1\"","service":"acquisitions-api"}
{"level":"info","message":"::1 - - [06/Feb/2026:13:01:08 +0000] \"POST /api/auth/sign-up HTTP/1.1\" 400 97 \"-\" \"PostmanRuntime/7.51.1\"","service":"acquisitions-api"}
{"level":"info","message":"::1 - - [06/Feb/2026:13:01:09 +0000] \"POST /api/auth/sign-up HTTP/1.1\" 400 97 \"-\" \"PostmanRuntime/7.51.1\"","service":"acquisitions-api"}
{"level":"info","message":"::1 - - [06/Feb/2026:13:01:28 +0000] \"POST /api/auth/sign-up HTTP/1.1\" 400 97 \"-\" \"PostmanRuntime/7.51.1\"","service":"acquisitions-api"}
{"level":"info","message":"::1 - - [06/Feb/2026:13:01:29 +0000] \"POST /api/auth/sign-up HTTP/1.1\" 400 97 \"-\" \"PostmanRuntime/7.51.1\"","service":"acquisitions-api"}
{"level":"info","message":"::1 - - [06/Feb/2026:13:01:30 +0000] \"POST /api/auth/sign-up HTTP/1.1\" 400 97 \"-\" \"PostmanRuntime/7.51.1\"","service":"acquisitions-api"}
{"level":"info","message":"::1 - - [06/Feb/2026:13:01:46 +0000] \"POST /api/auth/sign-up HTTP/1.1\" 400 97 \"-\" \"PostmanRuntime/7.51.1\"","service":"acquisitions-api"}
{"level":"info","message":"::1 - - [06/Feb/2026:13:01:47 +0000] \"POST /api/auth/sign-up HTTP/1.1\" 400 97 \"-\" \"PostmanRuntime/7.51.1\"","service":"acquisitions-api"}
{"level":"info","message":"User registered successfully: dutchgng@yahoo.co.uk","service":"acquisitions-api"}
{"level":"info","message":"::1 - - [06/Feb/2026:13:05:20 +0000] \"POST /api/auth/sign-up HTTP/1.1\" 201 106 \"-\" \"PostmanRuntime/7.51.1\"","service":"acquisitions-api"}
{"level":"info","message":"User registered successfully: dutchgng@yahoo.co.uk","service":"acquisitions-api"}
{"level":"info","message":"::1 - - [06/Feb/2026:13:08:35 +0000] \"POST /api/auth/sign-up HTTP/1.1\" 201 106 \"-\" \"PostmanRuntime/7.51.1\"","service":"acquisitions-api"}
{"level":"info","message":"::1 - - [06/Feb/2026:13:10:05 +0000] \"POST /api/auth/sign-up HTTP/1.1\" 400 97 \"-\" \"PostmanRuntime/7.51.1\"","service":"acquisitions-api"}
{"level":"info","message":"User registered successfully: dutchgng@yahoo.co.uk","service":"acquisitions-api"}
{"level":"info","message":"::1 - - [06/Feb/2026:13:10:15 +0000] \"POST /api/auth/sign-up HTTP/1.1\" 201 106 \"-\" \"PostmanRuntime/7.51.1\"","service":"acquisitions-api"}
{"level":"info","message":"User registered successfully: dutchgng@yahoo.co.uk","service":"acquisitions-api"}
{"level":"info","message":"::1 - - [06/Feb/2026:13:11:16 +0000] \"POST /api/auth/sign-up HTTP/1.1\" 201 106 \"-\" \"PostmanRuntime/7.51.1\"","service":"acquisitions-api"}
{"level":"info","message":"User registered successfully: dutchgng@yahoo.co.uk","service":"acquisitions-api"}
{"level":"info","message":"::1 - - [06/Feb/2026:13:11:33 +0000] \"POST /api/auth/sign-up HTTP/1.1\" 201 106 \"-\" \"PostmanRuntime/7.51.1\"","service":"acquisitions-api"}
{"level":"info","message":"Hello from Acquisitions!","service":"acquisitions-api"}
{"level":"info","message":"::1 - - [09/Feb/2026:21:49:21 +0000] \"GET / HTTP/1.1\" 304 - \"-\" \"Mozilla/5.0 (Macintosh; Intel Mac OS X 10_15_7) AppleWebKit/537.36 (KHTML, like Gecko) Chrome/144.0.0.0 Safari/537.36\"","service":"acquisitions-api"}
{"level":"info","message":"Hello from Acquisitions!","service":"acquisitions-api"}
{"level":"info","message":"::1 - - [09/Feb/2026:21:49:22 +0000] \"GET / HTTP/1.1\" 304 - \"-\" \"Mozilla/5.0 (Macintosh; Intel Mac OS X 10_15_7) AppleWebKit/537.36 (KHTML, like Gecko) Chrome/144.0.0.0 Safari/537.36\"","service":"acquisitions-api"}
{"level":"info","message":"Hello from Acquisitions!","service":"acquisitions-api"}
{"level":"info","message":"::1 - - [09/Feb/2026:21:54:09 +0000] \"GET / HTTP/1.1\" 304 - \"-\" \"Mozilla/5.0 (Macintosh; Intel Mac OS X 10_15_7) AppleWebKit/537.36 (KHTML, like Gecko) Chrome/144.0.0.0 Safari/537.36\"","service":"acquisitions-api"}
{"level":"info","message":"Hello from Acquisitions!","service":"acquisitions-api"}
{"level":"info","message":"::1 - - [09/Feb/2026:21:54:09 +0000] \"GET / HTTP/1.1\" 304 - \"-\" \"Mozilla/5.0 (Macintosh; Intel Mac OS X 10_15_7) AppleWebKit/537.36 (KHTML, like Gecko) Chrome/144.0.0.0 Safari/537.36\"","service":"acquisitions-api"}
{"level":"error","message":"Signup error: password is not defined","service":"acquisitions-api","stack":"ReferenceError: password is not defined\n    at signup (file:///Users/samuelpius/Programming/devops/aquisitions/src/controllers/auth.controller.js:21:53)\n    at Layer.handleRequest (/Users/samuelpius/Programming/devops/aquisitions/node_modules/router/lib/layer.js:152:17)\n    at next (/Users/samuelpius/Programming/devops/aquisitions/node_modules/router/lib/route.js:157:13)\n    at Route.dispatch (/Users/samuelpius/Programming/devops/aquisitions/node_modules/router/lib/route.js:117:3)\n    at handle (/Users/samuelpius/Programming/devops/aquisitions/node_modules/router/index.js:435:11)\n    at Layer.handleRequest (/Users/samuelpius/Programming/devops/aquisitions/node_modules/router/lib/layer.js:152:17)\n    at /Users/samuelpius/Programming/devops/aquisitions/node_modules/router/index.js:295:15\n    at processParams (/Users/samuelpius/Programming/devops/aquisitions/node_modules/router/index.js:582:12)\n    at next (/Users/samuelpius/Programming/devops/aquisitions/node_modules/router/index.js:291:5)\n    at router.handle (/Users/samuelpius/Programming/devops/aquisitions/node_modules/router/index.js:186:3)"}
{"level":"info","message":"::1 - - [09/Feb/2026:22:11:37 +0000] \"POST /api/auth/sign-up HTTP/1.1\" 500 1366 \"-\" \"PostmanRuntime/7.51.1\"","service":"acquisitions-api"}
{"level":"error","message":"Error hashing the password: Error: data and salt arguments required","service":"acquisitions-api"}
{"level":"error","message":"Error creating the user: Error: Error hashing","service":"acquisitions-api"}
{"level":"error","message":"Signup error: Error hashing","service":"acquisitions-api","stack":"Error: Error hashing\n    at hashPassword (file:///Users/samuelpius/Programming/devops/aquisitions/src/services/auth.service.js:12:11)\n    at process.processTicksAndRejections (node:internal/process/task_queues:105:5)\n    at async createUser (file:///Users/samuelpius/Programming/devops/aquisitions/src/services/auth.service.js:28:27)\n    at async signup (file:///Users/samuelpius/Programming/devops/aquisitions/src/controllers/auth.controller.js:21:22)"}
{"level":"info","message":"::1 - - [09/Feb/2026:22:13:43 +0000] \"POST /api/auth/sign-up HTTP/1.1\" 500 631 \"-\" \"PostmanRuntime/7.51.1\"","service":"acquisitions-api"}
{"level":"error","message":"Error hashing the password: Error: data and salt arguments required","service":"acquisitions-api"}
{"level":"error","message":"Error creating the user: Error: Error hashing","service":"acquisitions-api"}
{"level":"error","message":"Signup error: Error hashing","service":"acquisitions-api","stack":"Error: Error hashing\n    at hashPassword (file:///Users/samuelpius/Programming/devops/aquisitions/src/services/auth.service.js:12:11)\n    at process.processTicksAndRejections (node:internal/process/task_queues:105:5)\n    at async createUser (file:///Users/samuelpius/Programming/devops/aquisitions/src/services/auth.service.js:28:27)\n    at async signup (file:///Users/samuelpius/Programming/devops/aquisitions/src/controllers/auth.controller.js:21:22)"}
{"level":"info","message":"::1 - - [09/Feb/2026:22:16:28 +0000] \"POST /api/auth/sign-up HTTP/1.1\" 500 631 \"-\" \"PostmanRuntime/7.51.1\"","service":"acquisitions-api"}
{"level":"info","message":"User dutchgng@yahoo.co.uk created successfully","service":"acquisitions-api"}
{"level":"error","message":"Signup error: cookies is not defined","service":"acquisitions-api","stack":"ReferenceError: cookies is not defined\n    at signup (file:///Users/samuelpius/Programming/devops/aquisitions/src/controllers/auth.controller.js:29:9)\n    at process.processTicksAndRejections (node:internal/process/task_queues:105:5)"}
{"level":"info","message":"::1 - - [09/Feb/2026:22:18:50 +0000] \"POST /api/auth/sign-up HTTP/1.1\" 500 386 \"-\" \"PostmanRuntime/7.51.1\"","service":"acquisitions-api"}
{"level":"error","message":"Error creating the user: Error: User with this email already exists","service":"acquisitions-api"}
{"level":"error","message":"Signup error: User with this email already exists","service":"acquisitions-api","stack":"Error: User with this email already exists\n    at createUser (file:///Users/samuelpius/Programming/devops/aquisitions/src/services/auth.service.js:26:13)\n    at process.processTicksAndRejections (node:internal/process/task_queues:105:5)\n    at async signup (file:///Users/samuelpius/Programming/devops/aquisitions/src/controllers/auth.controller.js:23:22)"}
{"level":"info","message":"::1 - - [09/Feb/2026:22:20:09 +0000] \"POST /api/auth/sign-up HTTP/1.1\" 409 31 \"-\" \"PostmanRuntime/7.51.1\"","service":"acquisitions-api"}
{"level":"info","message":"User dune@yahoo.co.uk created successfully","service":"acquisitions-api"}
{"level":"error","message":"Signup error: res.cookies is not a function","service":"acquisitions-api","stack":"TypeError: res.cookies is not a function\n    at Object.set (file:///Users/samuelpius/Programming/devops/aquisitions/src/utils/cookies.js:11:9)\n    at signup (file:///Users/samuelpius/Programming/devops/aquisitions/src/controllers/auth.controller.js:31:17)\n    at process.processTicksAndRejections (node:internal/process/task_queues:105:5)"}
{"level":"info","message":"::1 - - [09/Feb/2026:22:20:24 +0000] \"POST /api/auth/sign-up HTTP/1.1\" 500 504 \"-\" \"PostmanRuntime/7.51.1\"","service":"acquisitions-api"}
{"level":"error","message":"Error creating the user: Error: User with this email already exists","service":"acquisitions-api"}
{"level":"error","message":"Signup error: User with this email already exists","service":"acquisitions-api","stack":"Error: User with this email already exists\n    at createUser (file:///Users/samuelpius/Programming/devops/aquisitions/src/services/auth.service.js:26:13)\n    at process.processTicksAndRejections (node:internal/process/task_queues:105:5)\n    at async signup (file:///Users/samuelpius/Programming/devops/aquisitions/src/controllers/auth.controller.js:23:22)"}
{"level":"info","message":"::1 - - [09/Feb/2026:22:24:14 +0000] \"POST /api/auth/sign-up HTTP/1.1\" 409 31 \"-\" \"PostmanRuntime/7.51.1\"","service":"acquisitions-api"}
{"level":"info","message":"User dunekjkj@yahoo.co.uk created successfully","service":"acquisitions-api"}
{"level":"error","message":"Signup error: res.cookies is not a function","service":"acquisitions-api","stack":"TypeError: res.cookies is not a function\n    at Object.set (file:///Users/samuelpius/Programming/devops/aquisitions/src/utils/cookies.js:11:9)\n    at signup (file:///Users/samuelpius/Programming/devops/aquisitions/src/controllers/auth.controller.js:31:17)\n    at process.processTicksAndRejections (node:internal/process/task_queues:105:5)"}
{"level":"info","message":"::1 - - [09/Feb/2026:22:24:24 +0000] \"POST /api/auth/sign-up HTTP/1.1\" 500 504 \"-\" \"PostmanRuntime/7.51.1\"","service":"acquisitions-api"}
{"level":"info","message":"User duneyykjkj@yahoo.co.uk created successfully","service":"acquisitions-api"}
{"level":"info","message":"User registered successfully: duneyykjkj@yahoo.co.uk","service":"acquisitions-api"}
{"level":"info","message":"::1 - - [09/Feb/2026:22:26:47 +0000] \"POST /api/auth/sign-up HTTP/1.1\" 201 107 \"-\" \"PostmanRuntime/7.51.1\"","service":"acquisitions-api"}
{"level":"info","message":"User logged in successfully: duneyykjkj@yahoo.co.uk","service":"acquisitions-api"}
{"level":"info","message":"::1 - - [10/Feb/2026:20:30:26 +0000] \"POST /api/auth/sign-in HTTP/1.1\" 200 106 \"-\" \"PostmanRuntime/7.51.1\"","service":"acquisitions-api"}
{"level":"info","message":"User logged in successfully: duneyykjkj@yahoo.co.uk","service":"acquisitions-api"}
{"level":"info","message":"::1 - - [10/Feb/2026:20:31:06 +0000] \"POST /api/auth/sign-in HTTP/1.1\" 200 106 \"-\" \"PostmanRuntime/7.51.1\"","service":"acquisitions-api"}
{"level":"info","message":"User signed out successfully","service":"acquisitions-api"}
{"level":"info","message":"::1 - - [10/Feb/2026:20:33:03 +0000] \"POST /api/auth/sign-out HTTP/1.1\" 200 29 \"-\" \"PostmanRuntime/7.51.1\"","service":"acquisitions-api"}
